Postcode was not matched for: Arafura Sea, QLD
Postcode was not matched for: Arcturus, QLD
Postcode was not matched for: Belyando, QLD
Postcode was not matched for: Burra Burri, QLD
Postcode was not matched for: Cooranga, QLD
Postcode was not matched for: Coral Sea, QLD
Postcode was not matched for: Coral Sea, QLD
Postcode was not matched for: Gulngai, QLD
Postcode was not matched for: Iama Island, QLD
Postcode was not matched for: Kinnoul, QLD
Postcode was not matched for: Mer Island, QLD
Postcode was not matched for: Moreton Bay, QLD
Postcode was not matched for: Nandi, QLD
Postcode was not matched for: Punsand, QLD
Postcode was not matched for: Rewan, QLD
Postcode was not matched for: Roche Creek, QLD
Postcode was not matched for: Somerset, QLD
Postcode was not matched for: Southern Moreton Bay Islands, QLD
Postcode was not matched for: St Helena Island, QLD
Postcode was not matched for: Torres Strait, QLD
Postcode was not matched for: Ugar Island, QLD
